2024-07-22T00:00:42.537+03:00 DEBUG 30503 --- [emlakBurada-logging-service] [http-nio-8099-exec-5] o.j.s.OpenEntityManagerInViewInterceptor : Opening JPA EntityManager in OpenEntityManagerInViewInterceptor
2024-07-22T00:00:50.085+03:00 DEBUG 30503 --- [emlakBurada-logging-service] [http-nio-8099-exec-5] o.j.s.OpenEntityManagerInViewInterceptor : Closing JPA EntityManager in OpenEntityManagerInViewInterceptor
2024-07-22T00:02:15.043+03:00  INFO 30503 --- [emlakBurada-logging-service] [SpringApplicationShutdownHook] j.LocalContainerEntityManagerFactoryBean : Closing JPA EntityManagerFactory for persistence unit 'default'
2024-07-22T00:02:15.102+03:00  INFO 30503 --- [emlakBurada-logging-service] [SpringApplicationShutdownHook] com.zaxxer.hikari.HikariDataSource       : HikariPool-1 - Shutdown initiated...
2024-07-22T00:02:15.125+03:00  INFO 30503 --- [emlakBurada-logging-service] [SpringApplicationShutdownHook] com.zaxxer.hikari.HikariDataSource       : HikariPool-1 - Shutdown completed.
2024-07-22T02:49:28.990+03:00  INFO 33772 --- [emlakBurada-logging-service] [main] p.e.EmlakBuradaLoggingServiceApplication : Starting EmlakBuradaLoggingServiceApplication using Java 22.0.1 with PID 33772 (/Users/tugceece/Desktop/emlakBurada/emlakBurada-logging-service/target/classes started by tugceece in /Users/tugceece/Desktop/emlakBurada/emlakBurada-logging-service)
2024-07-22T02:49:28.991+03:00  INFO 33772 --- [emlakBurada-logging-service] [main] p.e.EmlakBuradaLoggingServiceApplication : No active profile set, falling back to 1 default profile: "default"
2024-07-22T02:49:30.294+03:00  INFO 33772 --- [emlakBurada-logging-service] [main] .s.d.r.c.RepositoryConfigurationDelegate : Bootstrapping Spring Data JPA repositories in DEFAULT mode.
2024-07-22T02:49:30.416+03:00  INFO 33772 --- [emlakBurada-logging-service] [main] .s.d.r.c.RepositoryConfigurationDelegate : Finished Spring Data repository scanning in 102 ms. Found 1 JPA repository interface.
2024-07-22T02:49:31.883+03:00  INFO 33772 --- [emlakBurada-logging-service] [main] o.s.b.w.embedded.tomcat.TomcatWebServer  : Tomcat initialized with port 8099 (http)
2024-07-22T02:49:31.916+03:00  INFO 33772 --- [emlakBurada-logging-service] [main] o.apache.catalina.core.StandardService   : Starting service [Tomcat]
2024-07-22T02:49:31.916+03:00  INFO 33772 --- [emlakBurada-logging-service] [main] o.apache.catalina.core.StandardEngine    : Starting Servlet engine: [Apache Tomcat/10.1.26]
2024-07-22T02:49:31.984+03:00  INFO 33772 --- [emlakBurada-logging-service] [main] o.a.c.c.C.[Tomcat].[localhost].[/]       : Initializing Spring embedded WebApplicationContext
2024-07-22T02:49:31.986+03:00  INFO 33772 --- [emlakBurada-logging-service] [main] w.s.c.ServletWebServerApplicationContext : Root WebApplicationContext: initialization completed in 2940 ms
2024-07-22T02:49:32.180+03:00 DEBUG 33772 --- [emlakBurada-logging-service] [main] j.LocalContainerEntityManagerFactoryBean : Building JPA container EntityManagerFactory for persistence unit 'default'
2024-07-22T02:49:32.201+03:00  INFO 33772 --- [emlakBurada-logging-service] [main] o.hibernate.jpa.internal.util.LogHelper  : HHH000204: Processing PersistenceUnitInfo [name: default]
2024-07-22T02:49:32.316+03:00  INFO 33772 --- [emlakBurada-logging-service] [main] org.hibernate.Version                    : HHH000412: Hibernate ORM core version 6.5.2.Final
2024-07-22T02:49:32.355+03:00  INFO 33772 --- [emlakBurada-logging-service] [main] o.h.c.internal.RegionFactoryInitiator    : HHH000026: Second-level cache disabled
2024-07-22T02:49:32.804+03:00  INFO 33772 --- [emlakBurada-logging-service] [main] o.s.o.j.p.SpringPersistenceUnitInfo      : No LoadTimeWeaver setup: ignoring JPA class transformer
2024-07-22T02:49:32.840+03:00  INFO 33772 --- [emlakBurada-logging-service] [main] com.zaxxer.hikari.HikariDataSource       : HikariPool-1 - Starting...
2024-07-22T02:49:33.082+03:00  INFO 33772 --- [emlakBurada-logging-service] [main] com.zaxxer.hikari.pool.HikariPool        : HikariPool-1 - Added connection org.postgresql.jdbc.PgConnection@59e082f8
2024-07-22T02:49:33.084+03:00  INFO 33772 --- [emlakBurada-logging-service] [main] com.zaxxer.hikari.HikariDataSource       : HikariPool-1 - Start completed.
2024-07-22T02:49:34.281+03:00  INFO 33772 --- [emlakBurada-logging-service] [main] o.h.e.t.j.p.i.JtaPlatformInitiator       : HHH000489: No JTA platform available (set 'hibernate.transaction.jta.platform' to enable JTA platform integration)
2024-07-22T02:49:34.508+03:00  INFO 33772 --- [emlakBurada-logging-service] [main] j.LocalContainerEntityManagerFactoryBean : Initialized JPA EntityManagerFactory for persistence unit 'default'
2024-07-22T02:49:34.644+03:00 DEBUG 33772 --- [emlakBurada-logging-service] [main] tor$SharedEntityManagerInvocationHandler : Creating new EntityManager for shared EntityManager invocation
2024-07-22T02:49:34.688+03:00 DEBUG 33772 --- [emlakBurada-logging-service] [main] tor$SharedEntityManagerInvocationHandler : Creating new EntityManager for shared EntityManager invocation
2024-07-22T02:49:34.772+03:00 DEBUG 33772 --- [emlakBurada-logging-service] [main] tor$SharedEntityManagerInvocationHandler : Creating new EntityManager for shared EntityManager invocation
2024-07-22T02:49:34.985+03:00  WARN 33772 --- [emlakBurada-logging-service] [main] JpaBaseConfiguration$JpaWebConfiguration : spring.jpa.open-in-view is enabled by default. Therefore, database queries may be performed during view rendering. Explicitly configure spring.jpa.open-in-view to disable this warning
2024-07-22T02:49:35.664+03:00  INFO 33772 --- [emlakBurada-logging-service] [main] o.s.b.w.embedded.tomcat.TomcatWebServer  : Tomcat started on port 8099 (http) with context path '/'
2024-07-22T02:49:35.695+03:00  INFO 33772 --- [emlakBurada-logging-service] [main] p.e.EmlakBuradaLoggingServiceApplication : Started EmlakBuradaLoggingServiceApplication in 7.308 seconds (process running for 8.508)
2024-07-22T02:50:52.488+03:00  INFO 33772 --- [emlakBurada-logging-service] [http-nio-8099-exec-1] o.a.c.c.C.[Tomcat].[localhost].[/]       : Initializing Spring DispatcherServlet 'dispatcherServlet'
2024-07-22T02:50:52.490+03:00  INFO 33772 --- [emlakBurada-logging-service] [http-nio-8099-exec-1] o.s.web.servlet.DispatcherServlet        : Initializing Servlet 'dispatcherServlet'
2024-07-22T02:50:52.494+03:00  INFO 33772 --- [emlakBurada-logging-service] [http-nio-8099-exec-1] o.s.web.servlet.DispatcherServlet        : Completed initialization in 3 ms
2024-07-22T02:50:52.836+03:00 DEBUG 33772 --- [emlakBurada-logging-service] [http-nio-8099-exec-1] o.j.s.OpenEntityManagerInViewInterceptor : Opening JPA EntityManager in OpenEntityManagerInViewInterceptor
2024-07-22T02:50:53.349+03:00 DEBUG 33772 --- [emlakBurada-logging-service] [http-nio-8099-exec-1] o.s.orm.jpa.JpaTransactionManager        : Found thread-bound EntityManager [SessionImpl(926364939<open>)] for JPA transaction
2024-07-22T02:50:53.350+03:00 DEBUG 33772 --- [emlakBurada-logging-service] [http-nio-8099-exec-1] o.s.orm.jpa.JpaTransactionManager        : Creating new transaction with name [org.springframework.data.jpa.repository.support.SimpleJpaRepository.save]: PROPAGATION_REQUIRED,ISOLATION_DEFAULT
2024-07-22T02:50:53.468+03:00 DEBUG 33772 --- [emlakBurada-logging-service] [http-nio-8099-exec-1] o.s.orm.jpa.JpaTransactionManager        : Exposing JPA transaction as JDBC [org.springframework.orm.jpa.vendor.HibernateJpaDialect$HibernateConnectionHandle@311d2977]
2024-07-22T02:50:54.014+03:00 DEBUG 33772 --- [emlakBurada-logging-service] [http-nio-8099-exec-1] o.s.orm.jpa.JpaTransactionManager        : Initiating transaction commit
2024-07-22T02:50:54.015+03:00 DEBUG 33772 --- [emlakBurada-logging-service] [http-nio-8099-exec-1] o.s.orm.jpa.JpaTransactionManager        : Committing JPA transaction on EntityManager [SessionImpl(926364939<open>)]
2024-07-22T02:50:54.052+03:00 DEBUG 33772 --- [emlakBurada-logging-service] [http-nio-8099-exec-1] o.s.orm.jpa.JpaTransactionManager        : Not closing pre-bound JPA EntityManager after transaction
2024-07-22T02:50:54.429+03:00 DEBUG 33772 --- [emlakBurada-logging-service] [http-nio-8099-exec-1] o.j.s.OpenEntityManagerInViewInterceptor : Closing JPA EntityManager in OpenEntityManagerInViewInterceptor
2024-07-22T02:50:57.154+03:00 DEBUG 33772 --- [emlakBurada-logging-service] [http-nio-8099-exec-2] o.j.s.OpenEntityManagerInViewInterceptor : Opening JPA EntityManager in OpenEntityManagerInViewInterceptor
2024-07-22T02:50:57.206+03:00 DEBUG 33772 --- [emlakBurada-logging-service] [http-nio-8099-exec-2] o.s.orm.jpa.JpaTransactionManager        : Found thread-bound EntityManager [SessionImpl(698253263<open>)] for JPA transaction
2024-07-22T02:50:57.206+03:00 DEBUG 33772 --- [emlakBurada-logging-service] [http-nio-8099-exec-2] o.s.orm.jpa.JpaTransactionManager        : Creating new transaction with name [org.springframework.data.jpa.repository.support.SimpleJpaRepository.save]: PROPAGATION_REQUIRED,ISOLATION_DEFAULT
2024-07-22T02:50:57.231+03:00 DEBUG 33772 --- [emlakBurada-logging-service] [http-nio-8099-exec-2] o.s.orm.jpa.JpaTransactionManager        : Exposing JPA transaction as JDBC [org.springframework.orm.jpa.vendor.HibernateJpaDialect$HibernateConnectionHandle@2759848c]
2024-07-22T02:50:57.282+03:00 DEBUG 33772 --- [emlakBurada-logging-service] [http-nio-8099-exec-2] o.s.orm.jpa.JpaTransactionManager        : Initiating transaction commit
2024-07-22T02:50:57.283+03:00 DEBUG 33772 --- [emlakBurada-logging-service] [http-nio-8099-exec-2] o.s.orm.jpa.JpaTransactionManager        : Committing JPA transaction on EntityManager [SessionImpl(698253263<open>)]
2024-07-22T02:50:57.295+03:00 DEBUG 33772 --- [emlakBurada-logging-service] [http-nio-8099-exec-2] o.s.orm.jpa.JpaTransactionManager        : Not closing pre-bound JPA EntityManager after transaction
2024-07-22T02:50:57.396+03:00 DEBUG 33772 --- [emlakBurada-logging-service] [http-nio-8099-exec-2] o.j.s.OpenEntityManagerInViewInterceptor : Closing JPA EntityManager in OpenEntityManagerInViewInterceptor
2024-07-22T02:57:59.617+03:00  INFO 33772 --- [emlakBurada-logging-service] [SpringApplicationShutdownHook] j.LocalContainerEntityManagerFactoryBean : Closing JPA EntityManagerFactory for persistence unit 'default'
2024-07-22T02:57:59.641+03:00  INFO 33772 --- [emlakBurada-logging-service] [SpringApplicationShutdownHook] com.zaxxer.hikari.HikariDataSource       : HikariPool-1 - Shutdown initiated...
2024-07-22T02:57:59.654+03:00  INFO 33772 --- [emlakBurada-logging-service] [SpringApplicationShutdownHook] com.zaxxer.hikari.HikariDataSource       : HikariPool-1 - Shutdown completed.
2024-07-22T08:37:33.491+03:00  INFO 5064 --- [emlakBurada-logging-service] [main] p.e.EmlakBuradaLoggingServiceApplication : Starting EmlakBuradaLoggingServiceApplication using Java 22.0.1 with PID 5064 (/Users/tugceece/Desktop/emlakBurada/emlakBurada-logging-service/target/classes started by tugceece in /Users/tugceece/Desktop/emlakBurada/emlakBurada-logging-service)
2024-07-22T08:37:33.494+03:00  INFO 5064 --- [emlakBurada-logging-service] [main] p.e.EmlakBuradaLoggingServiceApplication : No active profile set, falling back to 1 default profile: "default"
2024-07-22T08:37:34.348+03:00  INFO 5064 --- [emlakBurada-logging-service] [main] .s.d.r.c.RepositoryConfigurationDelegate : Bootstrapping Spring Data JPA repositories in DEFAULT mode.
2024-07-22T08:37:34.427+03:00  INFO 5064 --- [emlakBurada-logging-service] [main] .s.d.r.c.RepositoryConfigurationDelegate : Finished Spring Data repository scanning in 68 ms. Found 1 JPA repository interface.
2024-07-22T08:37:35.157+03:00  INFO 5064 --- [emlakBurada-logging-service] [main] o.s.b.w.embedded.tomcat.TomcatWebServer  : Tomcat initialized with port 8099 (http)
2024-07-22T08:37:35.185+03:00  INFO 5064 --- [emlakBurada-logging-service] [main] o.apache.catalina.core.StandardService   : Starting service [Tomcat]
2024-07-22T08:37:35.186+03:00  INFO 5064 --- [emlakBurada-logging-service] [main] o.apache.catalina.core.StandardEngine    : Starting Servlet engine: [Apache Tomcat/10.1.26]
2024-07-22T08:37:35.238+03:00  INFO 5064 --- [emlakBurada-logging-service] [main] o.a.c.c.C.[Tomcat].[localhost].[/]       : Initializing Spring embedded WebApplicationContext
2024-07-22T08:37:35.238+03:00  INFO 5064 --- [emlakBurada-logging-service] [main] w.s.c.ServletWebServerApplicationContext : Root WebApplicationContext: initialization completed in 1657 ms
2024-07-22T08:37:35.410+03:00 DEBUG 5064 --- [emlakBurada-logging-service] [main] j.LocalContainerEntityManagerFactoryBean : Building JPA container EntityManagerFactory for persistence unit 'default'
2024-07-22T08:37:35.435+03:00  INFO 5064 --- [emlakBurada-logging-service] [main] o.hibernate.jpa.internal.util.LogHelper  : HHH000204: Processing PersistenceUnitInfo [name: default]
2024-07-22T08:37:35.510+03:00  INFO 5064 --- [emlakBurada-logging-service] [main] org.hibernate.Version                    : HHH000412: Hibernate ORM core version 6.5.2.Final
2024-07-22T08:37:35.551+03:00  INFO 5064 --- [emlakBurada-logging-service] [main] o.h.c.internal.RegionFactoryInitiator    : HHH000026: Second-level cache disabled
2024-07-22T08:37:35.965+03:00  INFO 5064 --- [emlakBurada-logging-service] [main] o.s.o.j.p.SpringPersistenceUnitInfo      : No LoadTimeWeaver setup: ignoring JPA class transformer
2024-07-22T08:37:35.996+03:00  INFO 5064 --- [emlakBurada-logging-service] [main] com.zaxxer.hikari.HikariDataSource       : HikariPool-1 - Starting...
2024-07-22T08:37:36.280+03:00  INFO 5064 --- [emlakBurada-logging-service] [main] com.zaxxer.hikari.pool.HikariPool        : HikariPool-1 - Added connection org.postgresql.jdbc.PgConnection@2026fbff
2024-07-22T08:37:36.283+03:00  INFO 5064 --- [emlakBurada-logging-service] [main] com.zaxxer.hikari.HikariDataSource       : HikariPool-1 - Start completed.
2024-07-22T08:37:38.010+03:00  INFO 5064 --- [emlakBurada-logging-service] [main] o.h.e.t.j.p.i.JtaPlatformInitiator       : HHH000489: No JTA platform available (set 'hibernate.transaction.jta.platform' to enable JTA platform integration)
2024-07-22T08:37:38.265+03:00  INFO 5064 --- [emlakBurada-logging-service] [main] j.LocalContainerEntityManagerFactoryBean : Initialized JPA EntityManagerFactory for persistence unit 'default'
2024-07-22T08:37:38.465+03:00 DEBUG 5064 --- [emlakBurada-logging-service] [main] tor$SharedEntityManagerInvocationHandler : Creating new EntityManager for shared EntityManager invocation
2024-07-22T08:37:38.525+03:00 DEBUG 5064 --- [emlakBurada-logging-service] [main] tor$SharedEntityManagerInvocationHandler : Creating new EntityManager for shared EntityManager invocation
2024-07-22T08:37:38.615+03:00 DEBUG 5064 --- [emlakBurada-logging-service] [main] tor$SharedEntityManagerInvocationHandler : Creating new EntityManager for shared EntityManager invocation
2024-07-22T08:37:38.824+03:00  WARN 5064 --- [emlakBurada-logging-service] [main] JpaBaseConfiguration$JpaWebConfiguration : spring.jpa.open-in-view is enabled by default. Therefore, database queries may be performed during view rendering. Explicitly configure spring.jpa.open-in-view to disable this warning
2024-07-22T08:37:39.946+03:00  INFO 5064 --- [emlakBurada-logging-service] [main] o.s.b.w.embedded.tomcat.TomcatWebServer  : Tomcat started on port 8099 (http) with context path '/'
2024-07-22T08:37:39.966+03:00  INFO 5064 --- [emlakBurada-logging-service] [main] p.e.EmlakBuradaLoggingServiceApplication : Started EmlakBuradaLoggingServiceApplication in 7.083 seconds (process running for 11.067)
2024-07-22T08:38:01.733+03:00  INFO 5064 --- [emlakBurada-logging-service] [http-nio-8099-exec-1] o.a.c.c.C.[Tomcat].[localhost].[/]       : Initializing Spring DispatcherServlet 'dispatcherServlet'
2024-07-22T08:38:01.735+03:00  INFO 5064 --- [emlakBurada-logging-service] [http-nio-8099-exec-1] o.s.web.servlet.DispatcherServlet        : Initializing Servlet 'dispatcherServlet'
2024-07-22T08:38:01.743+03:00  INFO 5064 --- [emlakBurada-logging-service] [http-nio-8099-exec-1] o.s.web.servlet.DispatcherServlet        : Completed initialization in 6 ms
2024-07-22T08:38:01.816+03:00 DEBUG 5064 --- [emlakBurada-logging-service] [http-nio-8099-exec-1] o.j.s.OpenEntityManagerInViewInterceptor : Opening JPA EntityManager in OpenEntityManagerInViewInterceptor
2024-07-22T08:38:01.896+03:00 DEBUG 5064 --- [emlakBurada-logging-service] [http-nio-8099-exec-1] o.s.orm.jpa.JpaTransactionManager        : Found thread-bound EntityManager [SessionImpl(1670143408<open>)] for JPA transaction
2024-07-22T08:38:01.896+03:00 DEBUG 5064 --- [emlakBurada-logging-service] [http-nio-8099-exec-1] o.s.orm.jpa.JpaTransactionManager        : Creating new transaction with name [org.springframework.data.jpa.repository.support.SimpleJpaRepository.save]: PROPAGATION_REQUIRED,ISOLATION_DEFAULT
2024-07-22T08:38:01.910+03:00 DEBUG 5064 --- [emlakBurada-logging-service] [http-nio-8099-exec-1] o.s.orm.jpa.JpaTransactionManager        : Exposing JPA transaction as JDBC [org.springframework.orm.jpa.vendor.HibernateJpaDialect$HibernateConnectionHandle@ff847a1]
2024-07-22T08:38:02.031+03:00 DEBUG 5064 --- [emlakBurada-logging-service] [http-nio-8099-exec-1] o.s.orm.jpa.JpaTransactionManager        : Initiating transaction commit
2024-07-22T08:38:02.032+03:00 DEBUG 5064 --- [emlakBurada-logging-service] [http-nio-8099-exec-1] o.s.orm.jpa.JpaTransactionManager        : Committing JPA transaction on EntityManager [SessionImpl(1670143408<open>)]
2024-07-22T08:38:02.051+03:00 DEBUG 5064 --- [emlakBurada-logging-service] [http-nio-8099-exec-1] o.s.orm.jpa.JpaTransactionManager        : Not closing pre-bound JPA EntityManager after transaction
2024-07-22T08:38:02.093+03:00 DEBUG 5064 --- [emlakBurada-logging-service] [http-nio-8099-exec-1] o.j.s.OpenEntityManagerInViewInterceptor : Closing JPA EntityManager in OpenEntityManagerInViewInterceptor
2024-07-22T08:40:55.581+03:00  INFO 5064 --- [emlakBurada-logging-service] [SpringApplicationShutdownHook] j.LocalContainerEntityManagerFactoryBean : Closing JPA EntityManagerFactory for persistence unit 'default'
2024-07-22T08:40:55.605+03:00  INFO 5064 --- [emlakBurada-logging-service] [SpringApplicationShutdownHook] com.zaxxer.hikari.HikariDataSource       : HikariPool-1 - Shutdown initiated...
2024-07-22T08:40:55.615+03:00  INFO 5064 --- [emlakBurada-logging-service] [SpringApplicationShutdownHook] com.zaxxer.hikari.HikariDataSource       : HikariPool-1 - Shutdown completed.
